{"numTotalTestSuites":2,"numPassedTestSuites":2,"numFailedTestSuites":0,"numPendingTestSuites":0,"numTotalTests":1,"numPassedTests":1,"numFailedTests":0,"numPendingTests":0,"numTodoTests":0,"snapshot":{"added":0,"failure":false,"filesAdded":0,"filesRemoved":0,"filesRemovedList":[],"filesUnmatched":0,"filesUpdated":0,"matched":0,"total":0,"unchecked":0,"uncheckedKeysByFile":[],"unmatched":0,"updated":0,"didUpdate":false},"startTime":1783100119860,"success":true,"testResults":[{"assertionResults":[{"ancestorTitles":["NotFound page"],"fullName":"NotFound page syncs the search query without adding a history entry","status":"passed","title":"syncs the search query without adding a history entry","duration":146.39840000000004,"failureMessages":[],"meta":{},"tags":[]}],"startTime":1783100126320,"endTime":1783100126466.3984,"status":"passed","message":"","name":"C:/careerpilot/career-pilot/frontend/src/__tests__/NotFound.test.jsx"}]}