{"numTotalTestSuites":2,"numPassedTestSuites":2,"numFailedTestSuites":0,"numPendingTestSuites":0,"numTotalTests":1,"numPassedTests":1,"numFailedTests":0,"numPendingTests":0,"numTodoTests":0,"snapshot":{"added":0,"failure":false,"filesAdded":0,"filesRemoved":0,"filesRemovedList":[],"filesUnmatched":0,"filesUpdated":0,"matched":0,"total":0,"unchecked":0,"uncheckedKeysByFile":[],"unmatched":0,"updated":0,"didUpdate":false},"startTime":1783100534190,"success":true,"testResults":[{"assertionResults":[{"ancestorTitles":["ReportBugModal"],"fullName":"ReportBugModal exposes dialog semantics and closes on Escape","status":"passed","title":"exposes dialog semantics and closes on Escape","duration":235.54269999999997,"failureMessages":[],"meta":{},"tags":[]}],"startTime":1783100537473,"endTime":1783100537708.5427,"status":"passed","message":"","name":"C:/careerpilot/career-pilot/frontend/src/__tests__/ReportBugModal.test.jsx"}]}